-------------------------------------------------------------------------------
Test set: com.javatechie.spring.cloud.config.pcf.CloudConfigPcfApplicationTests
-------------------------------------------------------------------------------
Tests run: 1, Failures: 0, Errors: 1, Skipped: 0, Time elapsed: 3.325 s <<< FAILURE! - in com.javatechie.spring.cloud.config.pcf.CloudConfigPcfApplicationTests
contextLoads(com.javatechie.spring.cloud.config.pcf.CloudConfigPcfApplicationTests)  Time elapsed: 0.004 s  <<< ERROR!
java.lang.IllegalStateException: Failed to load ApplicationContext
Caused by: org.springframework.beans.factory.BeanCreationException: Error creating bean with name 'scopedTarget.cloudConfigPcfApplication': Injection of autowired dependencies failed; nested exception is java.lang.IllegalArgumentException: Could not resolve placeholder 'vcap.services.ups-example1.credentials.user' in value "${vcap.services.ups-example1.credentials.user}"
Caused by: java.lang.IllegalArgumentException: Could not resolve placeholder 'vcap.services.ups-example1.credentials.user' in value "${vcap.services.ups-example1.credentials.user}"

